#
# There is insufficient memory for the Java Runtime Environment to continue.
# Native memory allocation (malloc) failed to allocate 39845888 bytes for committing reserved memory.
# Possible reasons:
#   The system is out of physical RAM or swap space
#   In 32 bit mode, the process size limit was hit
# Possible solutions:
#   Reduce memory load on the system
#   Increase physical memory or swap space
#   Check if swap backing store is full
#   Use 64 bit Java on a 64 bit OS
#   Decrease Java heap size (-Xmx/-Xms)
#   Decrease number of Java threads
#   Decrease Java thread stack sizes (-Xss)
#   Set larger code cache with -XX:ReservedCodeCacheSize=
# This output file may be truncated or incomplete.
#
#  Out of Memory Error (os_linux.cpp:2798), pid=12766, tid=140469496723200
#
# JRE version:  (7.0_65-b32) (build )
# Java VM: OpenJDK 64-Bit Server VM (24.65-b04 mixed mode linux-amd64 compressed oops)
# Derivative: IcedTea 2.5.3
# Distribution: Ubuntu 14.04 LTS, package 7u71-2.5.3-0ubuntu0.14.04.1
# Failed to write core dump. Core dumps have been disabled. To enable core dumping, try "ulimit -c unlimited" before starting Java again
#

---------------  T H R E A D  ---------------

Current thread (0x00007fc19400a800):  JavaThread "Unknown thread" [_thread_in_vm, id=12774, stack(0x00007fc19a643000,0x00007fc19a744000)]

Stack: [0x00007fc19a643000,0x00007fc19a744000],  sp=0x00007fc19a742500,  free space=1021k
Native frames: (J=compiled Java code, j=interpreted, Vv=VM code, C=native code)
V  [libjvm.so+0x948b05]  VMError::report_and_die()+0x175
V  [libjvm.so+0x48bc34]  report_vm_out_of_memory(char const*, int, unsigned long, char const*)+0x74
V  [libjvm.so+0x7c7bfb]  os::pd_commit_memory(char*, unsigned long, unsigned long, bool)+0xeb
V  [libjvm.so+0x7c26bf]  os::commit_memory(char*, unsigned long, unsigned long, bool)+0x1f
V  [libjvm.so+0x833e4b]  PSVirtualSpace::expand_by(unsigned long)+0x5b
V  [libjvm.so+0x8242be]  PSOldGen::initialize(ReservedSpace, unsigned long, char const*, int)+0xce
V  [libjvm.so+0x2a5b0f]  AdjoiningGenerations::AdjoiningGenerations(ReservedSpace, unsigned long, unsigned long, unsigned long, unsigned long, unsigned long, unsigned long, unsigned long)+0x3af
V  [libjvm.so+0x7e7690]  ParallelScavengeHeap::initialize()+0x5b0
V  [libjvm.so+0x91a6f7]  Universe::initialize_heap()+0xc7
V  [libjvm.so+0x91aa27]  universe_init()+0x67
V  [libjvm.so+0x59d255]  init_globals()+0x55
V  [libjvm.so+0x8fd3bf]  Threads::create_vm(JavaVMInitArgs*, bool*)+0x35f
V  [libjvm.so+0x6085d4]  JNI_CreateJavaVM+0x54
C  [libjli.so+0x2b48]


---------------  P R O C E S S  ---------------

Java Threads: ( => current thread )

Other Threads:

=>0x00007fc19400a800 (exited) JavaThread "Unknown thread" [_thread_in_vm, id=12774, stack(0x00007fc19a643000,0x00007fc19a744000)]

VM state:not at safepoint (not fully initialized)

VM Mutex/Monitor currently owned by a thread: None

GC Heap History (0 events):
No events

Deoptimization events (0 events):
No events

Internal exceptions (0 events):
No events

Events (0 events):
No events


Dynamic libraries:
00400000-00401000 r-xp 00000000 08:05 932291                             /usr/lib/jvm/java-7-openjdk-amd64/jre/bin/java
00600000-00601000 r--p 00000000 08:05 932291                             /usr/lib/jvm/java-7-openjdk-amd64/jre/bin/java
00601000-00602000 rw-p 00001000 08:05 932291                             /usr/lib/jvm/java-7-openjdk-amd64/jre/bin/java
017fe000-0181f000 rw-p 00000000 00:00 0                                  [heap]
b5a00000-c0000000 rw-p 00000000 00:00 0 
c2600000-eaa80000 rw-p 00000000 00:00 0 
eaa80000-ebe00000 rw-p 00000000 00:00 0 
ebe00000-100000000 rw-p 00000000 00:00 0 
7fc18fdc7000-7fc18ff28000 rw-p 00000000 00:00 0 
7fc18ff28000-7fc1900d0000 rw-p 00000000 00:00 0 
7fc1900d0000-7fc1900da000 rw-p 00000000 00:00 0 
7fc1900da000-7fc19017b000 rw-p 00000000 00:00 0 
7fc19017b000-7fc19017c000 rw-p 00000000 00:00 0 
7fc19017c000-7fc1903ec000 rwxp 00000000 00:00 0 
7fc1903ec000-7fc19317c000 rw-p 00000000 00:00 0 
7fc19317c000-7fc193184000 r-xp 00000000 08:05 920914                     /usr/lib/jvm/java-7-openjdk-amd64/jre/lib/amd64/libzip.so
7fc193184000-7fc193383000 ---p 00008000 08:05 920914                     /usr/lib/jvm/java-7-openjdk-amd64/jre/lib/amd64/libzip.so
7fc193383000-7fc193384000 r--p 00007000 08:05 920914                     /usr/lib/jvm/java-7-openjdk-amd64/jre/lib/amd64/libzip.so
7fc193384000-7fc193385000 rw-p 00008000 08:05 920914                     /usr/lib/jvm/java-7-openjdk-amd64/jre/lib/amd64/libzip.so
7fc193385000-7fc193390000 r-xp 00000000 08:05 256210                     /lib/x86_64-linux-gnu/libnss_files-2.19.so
7fc193390000-7fc19358f000 ---p 0000b000 08:05 256210                     /lib/x86_64-linux-gnu/libnss_files-2.19.so
7fc19358f000-7fc193590000 r--p 0000a000 08:05 256210                     /lib/x86_64-linux-gnu/libnss_files-2.19.so
7fc193590000-7fc193591000 rw-p 0000b000 08:05 256210                     /lib/x86_64-linux-gnu/libnss_files-2.19.so
7fc193591000-7fc19359c000 r-xp 00000000 08:05 256203                     /lib/x86_64-linux-gnu/libnss_nis-2.19.so
7fc19359c000-7fc19379b000 ---p 0000b000 08:05 256203                     /lib/x86_64-linux-gnu/libnss_nis-2.19.so
7fc19379b000-7fc19379c000 r--p 0000a000 08:05 256203                     /lib/x86_64-linux-gnu/libnss_nis-2.19.so
7fc19379c000-7fc19379d000 rw-p 0000b000 08:05 256203                     /lib/x86_64-linux-gnu/libnss_nis-2.19.so
7fc19379d000-7fc1937b4000 r-xp 00000000 08:05 256188                     /lib/x86_64-linux-gnu/libnsl-2.19.so
7fc1937b4000-7fc1939b3000 ---p 00017000 08:05 256188                     /lib/x86_64-linux-gnu/libnsl-2.19.so
7fc1939b3000-7fc1939b4000 r--p 00016000 08:05 256188                     /lib/x86_64-linux-gnu/libnsl-2.19.so
7fc1939b4000-7fc1939b5000 rw-p 00017000 08:05 256188                     /lib/x86_64-linux-gnu/libnsl-2.19.so
7fc1939b5000-7fc1939b7000 rw-p 00000000 00:00 0 
7fc1939b7000-7fc1939c0000 r-xp 00000000 08:05 256175                     /lib/x86_64-linux-gnu/libnss_compat-2.19.so
7fc1939c0000-7fc193bbf000 ---p 00009000 08:05 256175                     /lib/x86_64-linux-gnu/libnss_compat-2.19.so
7fc193bbf000-7fc193bc0000 r--p 00008000 08:05 256175                     /lib/x86_64-linux-gnu/libnss_compat-2.19.so
7fc193bc0000-7fc193bc1000 rw-p 00009000 08:05 256175                     /lib/x86_64-linux-gnu/libnss_compat-2.19.so
7fc193bc1000-7fc193bec000 r-xp 00000000 08:05 921761                     /usr/lib/jvm/java-7-openjdk-amd64/jre/lib/amd64/libjava.so
7fc193bec000-7fc193deb000 ---p 0002b000 08:05 921761                     /usr/lib/jvm/java-7-openjdk-amd64/jre/lib/amd64/libjava.so
7fc193deb000-7fc193dec000 r--p 0002a000 08:05 921761                     /usr/lib/jvm/java-7-openjdk-amd64/jre/lib/amd64/libjava.so
7fc193dec000-7fc193dee000 rw-p 0002b000 08:05 921761                     /usr/lib/jvm/java-7-openjdk-amd64/jre/lib/amd64/libjava.so
7fc193dee000-7fc193dfe000 r-xp 00000000 08:05 925158                     /usr/lib/jvm/java-7-openjdk-amd64/jre/lib/amd64/libverify.so
7fc193dfe000-7fc193ffd000 ---p 00010000 08:05 925158                     /usr/lib/jvm/java-7-openjdk-amd64/jre/lib/amd64/libverify.so
7fc193ffd000-7fc193fff000 r--p 0000f000 08:05 925158                     /usr/lib/jvm/java-7-openjdk-amd64/jre/lib/amd64/libverify.so
7fc193fff000-7fc194000000 rw-p 00011000 08:05 925158                     /usr/lib/jvm/java-7-openjdk-amd64/jre/lib/amd64/libverify.so
7fc194000000-7fc194023000 rw-p 00000000 00:00 0 
7fc194023000-7fc198000000 ---p 00000000 00:00 0 
7fc198043000-7fc19811c000 rw-p 00000000 00:00 0 
7fc19811c000-7fc198123000 r-xp 00000000 08:05 256167                     /lib/x86_64-linux-gnu/librt-2.19.so
7fc198123000-7fc198322000 ---p 00007000 08:05 256167                     /lib/x86_64-linux-gnu/librt-2.19.so
7fc198322000-7fc198323000 r--p 00006000 08:05 256167                     /lib/x86_64-linux-gnu/librt-2.19.so
7fc198323000-7fc198324000 rw-p 00007000 08:05 256167                     /lib/x86_64-linux-gnu/librt-2.19.so
7fc198324000-7fc19833a000 r-xp 00000000 08:05 228187                     /lib/x86_64-linux-gnu/libgcc_s.so.1
7fc19833a000-7fc198539000 ---p 00016000 08:05 228187                     /lib/x86_64-linux-gnu/libgcc_s.so.1
7fc198539000-7fc19853a000 rw-p 00015000 08:05 228187                     /lib/x86_64-linux-gnu/libgcc_s.so.1
7fc19853a000-7fc19863f000 r-xp 00000000 08:05 256178                     /lib/x86_64-linux-gnu/libm-2.19.so
7fc19863f000-7fc19883e000 ---p 00105000 08:05 256178                     /lib/x86_64-linux-gnu/libm-2.19.so
7fc19883e000-7fc19883f000 r--p 00104000 08:05 256178                     /lib/x86_64-linux-gnu/libm-2.19.so
7fc19883f000-7fc198840000 rw-p 00105000 08:05 256178                     /lib/x86_64-linux-gnu/libm-2.19.so
7fc198840000-7fc198926000 r-xp 00000000 08:05 920546                     /usr/lib/x86_64-linux-gnu/libstdc++.so.6.0.19
7fc198926000-7fc198b25000 ---p 000e6000 08:05 920546                     /usr/lib/x86_64-linux-gnu/libstdc++.so.6.0.19
7fc198b25000-7fc198b2d000 r--p 000e5000 08:05 920546                     /usr/lib/x86_64-linux-gnu/libstdc++.so.6.0.19
7fc198b2d000-7fc198b2f000 rw-p 000ed000 08:05 920546                     /usr/lib/x86_64-linux-gnu/libstdc++.so.6.0.19
7fc198b2f000-7fc198b44000 rw-p 00000000 00:00 0 
7fc198b44000-7fc19965a000 r-xp 00000000 08:05 925610                     /usr/lib/jvm/java-7-openjdk-amd64/jre/lib/amd64/server/libjvm.so
7fc19965a000-7fc199859000 ---p 00b16000 08:05 925610                     /usr/lib/jvm/java-7-openjdk-amd64/jre/lib/amd64/server/libjvm.so
7fc199859000-7fc1998f3000 r--p 00b15000 08:05 925610                     /usr/lib/jvm/java-7-openjdk-amd64/jre/lib/amd64/server/libjvm.so
7fc1998f3000-7fc199916000 rw-p 00baf000 08:05 925610                     /usr/lib/jvm/java-7-openjdk-amd64/jre/lib/amd64/server/libjvm.so
7fc199916000-7fc199944000 rw-p 00000000 00:00 0 
7fc199944000-7fc19995c000 r-xp 00000000 08:05 208903                     /lib/x86_64-linux-gnu/libz.so.1.2.8
7fc19995c000-7fc199b5b000 ---p 00018000 08:05 208903                     /lib/x86_64-linux-gnu/libz.so.1.2.8
7fc199b5b000-7fc199b5c000 r--p 00017000 08:05 208903                     /lib/x86_64-linux-gnu/libz.so.1.2.8
7fc199b5c000-7fc199b5d000 rw-p 00018000 08:05 208903                     /lib/x86_64-linux-gnu/libz.so.1.2.8
7fc199b5d000-7fc199b76000 r-xp 00000000 08:05 256208                     /lib/x86_64-linux-gnu/libpthread-2.19.so
7fc199b76000-7fc199d75000 ---p 00019000 08:05 256208                     /lib/x86_64-linux-gnu/libpthread-2.19.so
7fc199d75000-7fc199d76000 r--p 00018000 08:05 256208                     /lib/x86_64-linux-gnu/libpthread-2.19.so
7fc199d76000-7fc199d77000 rw-p 00019000 08:05 256208                     /lib/x86_64-linux-gnu/libpthread-2.19.so
7fc199d77000-7fc199d7b000 rw-p 00000000 00:00 0 
7fc199d7b000-7fc199d7e000 r-xp 00000000 08:05 256172                     /lib/x86_64-linux-gnu/libdl-2.19.so
7fc199d7e000-7fc199f7d000 ---p 00003000 08:05 256172                     /lib/x86_64-linux-gnu/libdl-2.19.so
7fc199f7d000-7fc199f7e000 r--p 00002000 08:05 256172                     /lib/x86_64-linux-gnu/libdl-2.19.so
7fc199f7e000-7fc199f7f000 rw-p 00003000 08:05 256172                     /lib/x86_64-linux-gnu/libdl-2.19.so
7fc199f7f000-7fc19a13a000 r-xp 00000000 08:05 256165                     /lib/x86_64-linux-gnu/libc-2.19.so
7fc19a13a000-7fc19a33a000 ---p 001bb000 08:05 256165                     /lib/x86_64-linux-gnu/libc-2.19.so
7fc19a33a000-7fc19a33e000 r--p 001bb000 08:05 256165                     /lib/x86_64-linux-gnu/libc-2.19.so
7fc19a33e000-7fc19a340000 rw-p 001bf000 08:05 256165                     /lib/x86_64-linux-gnu/libc-2.19.so
7fc19a340000-7fc19a345000 rw-p 00000000 00:00 0 
7fc19a345000-7fc19a352000 r-xp 00000000 08:05 920926                     /usr/lib/jvm/java-7-openjdk-amd64/jre/lib/amd64/jli/libjli.so
7fc19a352000-7fc19a551000 ---p 0000d000 08:05 920926                     /usr/lib/jvm/java-7-openjdk-amd64/jre/lib/amd64/jli/libjli.so
7fc19a551000-7fc19a552000 r--p 0000c000 08:05 920926                     /usr/lib/jvm/java-7-openjdk-amd64/jre/lib/amd64/jli/libjli.so
7fc19a552000-7fc19a553000 rw-p 0000d000 08:05 920926                     /usr/lib/jvm/java-7-openjdk-amd64/jre/lib/amd64/jli/libjli.so
7fc19a553000-7fc19a576000 r-xp 00000000 08:05 256160                     /lib/x86_64-linux-gnu/ld-2.19.so
7fc19a583000-7fc19a58d000 rw-p 00000000 00:00 0 
7fc19a58d000-7fc19a643000 rw-p 00000000 00:00 0 
7fc19a643000-7fc19a646000 ---p 00000000 00:00 0 
7fc19a646000-7fc19a749000 rw-p 00000000 00:00 0                          [stack:12774]
7fc19a767000-7fc19a769000 rw-p 00000000 00:00 0 
7fc19a769000-7fc19a771000 rw-s 00000000 08:05 655600                     /tmp/hsperfdata_mikifus/12766
7fc19a771000-7fc19a772000 rw-p 00000000 00:00 0 
7fc19a772000-7fc19a773000 r--p 00000000 00:00 0 
7fc19a773000-7fc19a775000 rw-p 00000000 00:00 0 
7fc19a775000-7fc19a776000 r--p 00022000 08:05 256160                     /lib/x86_64-linux-gnu/ld-2.19.so
7fc19a776000-7fc19a777000 rw-p 00023000 08:05 256160                     /lib/x86_64-linux-gnu/ld-2.19.so
7fc19a777000-7fc19a778000 rw-p 00000000 00:00 0 
7fff2eefd000-7fff2ef1e000 rw-p 00000000 00:00 0                          [stack]
7fff2effe000-7fff2f000000 r-xp 00000000 00:00 0                          [vdso]
ffffffffff600000-ffffffffff601000 r-xp 00000000 00:00 0                  [vsyscall]

VM Arguments:
jvm_args: -Xmx1024M 
java_command: /home/mikifus/Android/Sdk/build-tools/21.1.2/lib/dx.jar --dex --no-optimize --output /home/mikifus/AndroidStudioProjects/Padland/app/build/intermediates/dex/debug --input-list=/home/mikifus/AndroidStudioProjects/Padland/app/build/intermediates/tmp/dex/debug/inputList.txt
Launcher Type: SUN_STANDARD

Environment Variables:
CLASSPATH=/home/mikifus/Documentos/programacion/Android/android-studio/bin/../lib/bootstrap.jar:/home/mikifus/Documentos/programacion/Android/android-studio/bin/../lib/extensions.jar:/home/mikifus/Documentos/programacion/Android/android-studio/bin/../lib/util.jar:/home/mikifus/Documentos/programacion/Android/android-studio/bin/../lib/jdom.jar:/home/mikifus/Documentos/programacion/Android/android-studio/bin/../lib/log4j.jar:/home/mikifus/Documentos/programacion/Android/android-studio/bin/../lib/trove4j.jar:/home/mikifus/Documentos/programacion/Android/android-studio/bin/../lib/jna.jar:/usr/lib/jvm/java-7-openjdk-amd64/lib/tools.jar
PATH=/usr/local/sbin:/usr/local/bin:/usr/sbin:/usr/bin:/sbin:/bin:/usr/games:/usr/local/games
LD_LIBRARY_PATH=/home/mikifus/Documentos/programacion/Android/android-studio/bin:
SHELL=/bin/bash
DISPLAY=:0

Signal Handlers:
SIGSEGV: [libjvm.so+0x9495e0], sa_mask[0]=0x7ffbfeff, sa_flags=0x10000004
SIGBUS: [libjvm.so+0x9495e0], sa_mask[0]=0x7ffbfeff, sa_flags=0x10000004
SIGFPE: [libjvm.so+0x7c3410], sa_mask[0]=0x7ffbfeff, sa_flags=0x10000004
SIGPIPE: [libjvm.so+0x7c3410], sa_mask[0]=0x7ffbfeff, sa_flags=0x10000004
SIGXFSZ: [libjvm.so+0x7c3410], sa_mask[0]=0x7ffbfeff, sa_flags=0x10000004
SIGILL: [libjvm.so+0x7c3410], sa_mask[0]=0x7ffbfeff, sa_flags=0x10000004
SIGUSR1: SIG_DFL, sa_mask[0]=0x00000000, sa_flags=0x00000000
SIGUSR2: [libjvm.so+0x7c32b0], sa_mask[0]=0x00000004, sa_flags=0x10000004
SIGHUP: SIG_DFL, sa_mask[0]=0x00000000, sa_flags=0x00000000
SIGINT: SIG_DFL, sa_mask[0]=0x00000000, sa_flags=0x00000000
SIGTERM: SIG_DFL, sa_mask[0]=0x00000000, sa_flags=0x00000000
SIGQUIT: SIG_DFL, sa_mask[0]=0x00000000, sa_flags=0x00000000
SIGTRAP: SIG_DFL, sa_mask[0]=0x00000000, sa_flags=0x00000000


---------------  S Y S T E M  ---------------

OS:Ubuntu 14.04 (trusty)
uname:Linux 3.13.0-30-generic #55-Ubuntu SMP Fri Jul 4 21:40:53 UTC 2014 x86_64
libc:glibc 2.19 NPTL 2.19 
rlimit: STACK 8192k, CORE 0k, NPROC 29025, NOFILE 4096, AS infinity
load average:1.93 2.06 1.43

/proc/meminfo:
MemTotal:        3745076 kB
MemFree:          101500 kB
Buffers:            1420 kB
Cached:           210952 kB
SwapCached:        10952 kB
Active:          2616080 kB
Inactive:         815876 kB
Active(anon):    2609080 kB
Inactive(anon):   798888 kB
Active(file):       7000 kB
Inactive(file):    16988 kB
Unevictable:          96 kB
Mlocked:              96 kB
SwapTotal:       1052220 kB
SwapFree:              0 kB
Dirty:              1248 kB
Writeback:             0 kB
AnonPages:       3209772 kB
Mapped:           112880 kB
Shmem:            188068 kB
Slab:              67892 kB
SReclaimable:      25304 kB
SUnreclaim:        42588 kB
KernelStack:        5960 kB
PageTables:        76896 kB
NFS_Unstable:          0 kB
Bounce:                0 kB
WritebackTmp:          0 kB
CommitLimit:     2924756 kB
Committed_AS:    9292748 kB
VmallocTotal:   34359738367 kB
VmallocUsed:      347088 kB
VmallocChunk:   34359384540 kB
HardwareCorrupted:     0 kB
AnonHugePages:    706560 kB
HugePages_Total:       0
HugePages_Free:        0
HugePages_Rsvd:        0
HugePages_Surp:        0
Hugepagesize:       2048 kB
DirectMap4k:      100212 kB
DirectMap2M:     3786752 kB


CPU:total 2 (2 cores per cpu, 1 threads per core) family 6 model 58 stepping 9, cmov, cx8, fxsr, mmx, sse, sse2, sse3, ssse3, sse4.1, sse4.2, popcnt, erms, tsc, tscinvbit, tscinv

/proc/cpuinfo:
processor	: 0
vendor_id	: GenuineIntel
cpu family	: 6
model		: 58
model name	: Intel(R) Celeron(R) CPU 1037U @ 1.80GHz
stepping	: 9
microcode	: 0x15
cpu MHz		: 800.000
cache size	: 2048 KB
physical id	: 0
siblings	: 2
core id		: 0
cpu cores	: 2
apicid		: 0
initial apicid	: 0
fpu		: yes
fpu_exception	: yes
cpuid level	: 13
wp		: yes
flags		: fpu vme de pse tsc msr pae mce cx8 apic sep mtrr pge mca cmov pat pse36 clflush dts acpi mmx fxsr sse sse2 ss ht tm pbe syscall nx rdtscp lm constant_tsc arch_perfmon pebs bts rep_good nopl xtopology nonstop_tsc aperfmperf eagerfpu pni pclmulqdq dtes64 monitor ds_cpl vmx est tm2 ssse3 cx16 xtpr pdcm pcid sse4_1 sse4_2 x2apic popcnt tsc_deadline_timer xsave lahf_lm arat epb xsaveopt pln pts dtherm tpr_shadow vnmi flexpriority ept vpid fsgsbase smep erms
bogomips	: 3591.67
clflush size	: 64
cache_alignment	: 64
address sizes	: 36 bits physical, 48 bits virtual
power management:

processor	: 1
vendor_id	: GenuineIntel
cpu family	: 6
model		: 58
model name	: Intel(R) Celeron(R) CPU 1037U @ 1.80GHz
stepping	: 9
microcode	: 0x15
cpu MHz		: 1800.000
cache size	: 2048 KB
physical id	: 0
siblings	: 2
core id		: 1
cpu cores	: 2
apicid		: 2
initial apicid	: 2
fpu		: yes
fpu_exception	: yes
cpuid level	: 13
wp		: yes
flags		: fpu vme de pse tsc msr pae mce cx8 apic sep mtrr pge mca cmov pat pse36 clflush dts acpi mmx fxsr sse sse2 ss ht tm pbe syscall nx rdtscp lm constant_tsc arch_perfmon pebs bts rep_good nopl xtopology nonstop_tsc aperfmperf eagerfpu pni pclmulqdq dtes64 monitor ds_cpl vmx est tm2 ssse3 cx16 xtpr pdcm pcid sse4_1 sse4_2 x2apic popcnt tsc_deadline_timer xsave lahf_lm arat epb xsaveopt pln pts dtherm tpr_shadow vnmi flexpriority ept vpid fsgsbase smep erms
bogomips	: 3591.67
clflush size	: 64
cache_alignment	: 64
address sizes	: 36 bits physical, 48 bits virtual
power management:



Memory: 4k page, physical 3745076k(101376k free), swap 1052220k(0k free)

vm_info: OpenJDK 64-Bit Server VM (24.65-b04) for linux-amd64 JRE (1.7.0_65-b32), built on Oct 22 2014 04:37:44 by "buildd" with gcc 4.8.2

time: Fri Jan 16 01:07:25 2015
elapsed time: 0 seconds

